{
  "RSpec": {
    "coverage": {
      "/home/user/projects/lesson/meeting_point/app/policies/event_policy.rb": [
        1,
        1,
        3,
        null,
        null,
        1,
        9,
        null,
        null,
        1,
        null,
        1,
        9,
        null,
        null,
        1,
        1,
        0,
        null,
        null,
        null
      ],
      "/home/user/projects/lesson/meeting_point/app/policies/application_policy.rb": [
        1,
        1,
        null,
        1,
        4,
        4,
        null,
        null,
        1,
        1,
        null,
        null,
        1,
        1,
        null,
        null,
        1,
        2,
        null,
        null,
        1,
        1,
        null,
        null,
        1,
        0,
        null,
        null,
        1,
        3,
        null,
        null,
        1,
        0,
        null,
        null,
        1,
        1,
        null,
        1,
        0,
        0,
        null,
        null,
        1,
        0,
        null,
        null,
        null
      ],
      "/home/user/projects/lesson/meeting_point/app/models/subscription.rb": [
        1,
        1,
        null,
        1,
        1,
        null,
        1,
        1,
        1,
        1,
        1,
        1,
        null,
        1,
        0,
        null,
        null,
        1,
        0,
        null,
        null,
        1,
        null,
        1,
        0,
        null,
        null,
        1,
        0,
        null,
        null
      ],
      "/home/user/projects/lesson/meeting_point/app/models/event.rb": [
        1,
        1,
        null,
        1,
        1,
        1,
        1,
        null,
        1,
        1,
        5,
        null,
        1,
        0,
        null,
        null,
        1,
        0,
        null,
        null
      ]
    },
    "timestamp": 1579978558
  }
}
